{"name": "test_guest_can_add_product_to_basket[offer7]", "status": "skipped", "statusDetails": {"message": "XFAIL\n\nAssertionError: Incorrect title of product of alert.              Expected title - Coders at Work, Actual title - Coders at Work book", "trace": "self = <module_5.test_product_page.TestProductPage object at 0x000001FCD26BD550>, browser = <selenium.webdriver.chrome.webdriver.WebDriver (session=\"fa49a9ddfa6e5c8c59445ae47ca4b6f4\")>, promo_offer = 'offer7'\n\n    @pytest.mark.parametrize('promo_offer',\n                             [\"offer0\", \"offer1\", \"offer2\", \"offer3\", \"offer4\", \"offer5\", \"offer6\",\n                              pytest.param(\"offer7\", marks=pytest.mark.xfail), \"offer8\", \"offer9\"])\n    def test_guest_can_add_product_to_basket(self, browser, promo_offer):\n        # Arrange\n        url = link + '?promo=' + promo_offer\n        page = ProductPage(browser, url)\n        page.open()\n        page.should_be_product_page()\n    \n        # Act\n        page.add_product_to_basket()\n        page.solve_quiz_and_get_code()\n    \n        # Assert\n>       page.should_be_message_with_title_product()\n\nmodule_5\\test_product_page.py:25: \n_ _ _ _ _ _ _ _ _ _ _ _ _ _ _ _ _ _ _ _ _ _ _ _ _ _ _ _ _ _ _ _ _ _ _ _ _ _ _ _ _ _ _ _ _ _ _ _ _ _ _ _ _ _ _ _ _ _ _ _ _ _ _ _ _ _ _ _ _ _ _ _ _ _ _ _ _ _ _ _ _ _ _ _ _ _ _ _ _ _ _ _ _ _ _ _ _ _ _ _ _ _ _ _ _ _ _ _ _ _ _ _ _ _ _ _\n\nself = <module_5.pages.product_page.ProductPage object at 0x000001FCD26AC790>\n\n    def should_be_message_with_title_product(self):\n        title_product = self.browser.find_element(*ProductPageLocators.TITLE_PRODUCT).text\n        title_product_alert = self.browser.find_element(*ProductPageLocators.TITLE_PRODUCT_ALERT).text\n>       assert title_product == title_product_alert, \\\n            f\"Incorrect title of product of alert. \\\n             Expected title - {title_product}, Actual title - {title_product_alert}\"\nE       AssertionError: Incorrect title of product of alert.              Expected title - Coders at Work, Actual title - Coders at Work book\n\nmodule_5\\pages\\product_page.py:16: AssertionError"}, "attachments": [{"name": "stdout", "source": "dabeb29a-dd78-4506-9bf8-ea6304ce6be7-attachment.txt", "type": "text/plain"}], "parameters": [{"name": "promo_offer", "value": "'offer7'"}], "start": 1624084986026, "stop": 1624084987811, "uuid": "1453539e-0154-4fe2-9cd0-0ea474953826", "historyId": "8433857a769ecd2ca3eba03399b040cb", "testCaseId": "0dfdfd1797a0034073e745572a047fc5", "fullName": "module_5.test_product_page.TestProductPage#test_guest_can_add_product_to_basket", "labels": [{"name": "tag", "value": "@pytest.mark.xfail"}, {"name": "parentSuite", "value": "module_5"}, {"name": "suite", "value": "test_product_page"}, {"name": "subSuite", "value": "TestProductPage"}, {"name": "host", "value": "QMS-BUT-10"}, {"name": "thread", "value": "9992-MainThread"}, {"name": "framework", "value": "pytest"}, {"name": "language", "value": "cpython3"}, {"name": "package", "value": "module_5.test_product_page"}]}