{
  "uid" : "5852d93a13efd300",
  "name" : "test_message_disappeared_after_adding_product_to_basket",
  "fullName" : "module_5.test_product_page.TestProductPage#test_message_disappeared_after_adding_product_to_basket",
  "historyId" : "b1c3189d6400963e937a7a94e38cea78",
  "time" : {
    "start" : 1624085025546,
    "stop" : 1624085031650,
    "duration" : 6104
  },
  "status" : "skipped",
  "statusMessage" : "XFAIL expected bug\n\nAssertionError: Success message is presented, but should not be",
  "statusTrace" : "self = <module_5.test_product_page.TestProductPage object at 0x000001FCD26BD1F0>, browser = <selenium.webdriver.chrome.webdriver.WebDriver (session=\"7db1861c89a28138272ee317c45c54b6\")>\n\n    @pytest.mark.xfail(reason=\"expected bug\")\n    def test_message_disappeared_after_adding_product_to_basket(self, browser):\n        # Arrange\n        page = ProductPage(browser, link)\n        page.open()\n    \n        # Act\n        page.add_product_to_basket()\n    \n        # Assert\n>       page.should_disappeared_success_message()\n\nmodule_5\\test_product_page.py:58: \n_ _ _ _ _ _ _ _ _ _ _ _ _ _ _ _ _ _ _ _ _ _ _ _ _ _ _ _ _ _ _ _ _ _ _ _ _ _ _ _ _ _ _ _ _ _ _ _ _ _ _ _ _ _ _ _ _ _ _ _ _ _ _ _ _ _ _ _ _ _ _ _ _ _ _ _ _ _ _ _ _ _ _ _ _ _ _ _ _ _ _ _ _ _ _ _ _ _ _ _ _ _ _ _ _ _ _ _ _ _ _ _ _ _ _ _\n\nself = <module_5.pages.product_page.ProductPage object at 0x000001FCD26BD640>\n\n    def should_disappeared_success_message(self):\n>       assert self.is_disappeared(*ProductPageLocators.SUCCESS_MESSAGE), \\\n            \"Success message is presented, but should not be\"\nE       AssertionError: Success message is presented, but should not be\n\nmodule_5\\pages\\product_page.py:35: AssertionError",
  "flaky" : false,
  "newFailed" : false,
  "beforeStages" : [ {
    "name" : "browser",
    "time" : {
      "start" : 1624085024220,
      "stop" : 1624085025546,
      "duration" : 1326
    },
    "status" : "passed",
    "steps" : [ ],
    "attachments" : [ ],
    "parameters" : [ ],
    "attachmentsCount" : 0,
    "shouldDisplayMessage" : false,
    "stepsCount" : 0,
    "hasContent" : false
  } ],
  "testStage" : {
    "status" : "skipped",
    "statusMessage" : "XFAIL expected bug\n\nAssertionError: Success message is presented, but should not be",
    "statusTrace" : "self = <module_5.test_product_page.TestProductPage object at 0x000001FCD26BD1F0>, browser = <selenium.webdriver.chrome.webdriver.WebDriver (session=\"7db1861c89a28138272ee317c45c54b6\")>\n\n    @pytest.mark.xfail(reason=\"expected bug\")\n    def test_message_disappeared_after_adding_product_to_basket(self, browser):\n        # Arrange\n        page = ProductPage(browser, link)\n        page.open()\n    \n        # Act\n        page.add_product_to_basket()\n    \n        # Assert\n>       page.should_disappeared_success_message()\n\nmodule_5\\test_product_page.py:58: \n_ _ _ _ _ _ _ _ _ _ _ _ _ _ _ _ _ _ _ _ _ _ _ _ _ _ _ _ _ _ _ _ _ _ _ _ _ _ _ _ _ _ _ _ _ _ _ _ _ _ _ _ _ _ _ _ _ _ _ _ _ _ _ _ _ _ _ _ _ _ _ _ _ _ _ _ _ _ _ _ _ _ _ _ _ _ _ _ _ _ _ _ _ _ _ _ _ _ _ _ _ _ _ _ _ _ _ _ _ _ _ _ _ _ _ _\n\nself = <module_5.pages.product_page.ProductPage object at 0x000001FCD26BD640>\n\n    def should_disappeared_success_message(self):\n>       assert self.is_disappeared(*ProductPageLocators.SUCCESS_MESSAGE), \\\n            \"Success message is presented, but should not be\"\nE       AssertionError: Success message is presented, but should not be\n\nmodule_5\\pages\\product_page.py:35: AssertionError",
    "steps" : [ ],
    "attachments" : [ {
      "uid" : "6555d58fa812ebb4",
      "name" : "stdout",
      "source" : "6555d58fa812ebb4.txt",
      "type" : "text/plain",
      "size" : 39
    } ],
    "parameters" : [ ],
    "attachmentsCount" : 1,
    "shouldDisplayMessage" : true,
    "stepsCount" : 0,
    "hasContent" : true
  },
  "afterStages" : [ {
    "name" : "browser::0",
    "time" : {
      "start" : 1624085031655,
      "stop" : 1624085033923,
      "duration" : 2268
    },
    "status" : "passed",
    "steps" : [ ],
    "attachments" : [ ],
    "parameters" : [ ],
    "attachmentsCount" : 0,
    "shouldDisplayMessage" : false,
    "stepsCount" : 0,
    "hasContent" : false
  } ],
  "labels" : [ {
    "name" : "tag",
    "value" : "@pytest.mark.xfail(reason='expected bug')"
  }, {
    "name" : "parentSuite",
    "value" : "module_5"
  }, {
    "name" : "suite",
    "value" : "test_product_page"
  }, {
    "name" : "subSuite",
    "value" : "TestProductPage"
  }, {
    "name" : "host",
    "value" : "QMS-BUT-10"
  }, {
    "name" : "thread",
    "value" : "9992-MainThread"
  }, {
    "name" : "framework",
    "value" : "pytest"
  }, {
    "name" : "language",
    "value" : "cpython3"
  }, {
    "name" : "package",
    "value" : "module_5.test_product_page"
  }, {
    "name" : "resultFormat",
    "value" : "allure2"
  } ],
  "parameters" : [ ],
  "links" : [ ],
  "hidden" : false,
  "retry" : false,
  "extra" : {
    "severity" : "normal",
    "retries" : [ ],
    "categories" : [ ],
    "tags" : [ "@pytest.mark.xfail(reason='expected bug')" ]
  },
  "source" : "5852d93a13efd300.json",
  "parameterValues" : [ ]
}