{
  "uid" : "cffb42e43f8d67f5",
  "name" : "test_guest_cant_see_success_message_after_adding_product_to_basket",
  "fullName" : "module_5.test_product_page.TestProductPage#test_guest_cant_see_success_message_after_adding_product_to_basket",
  "historyId" : "73a493c161f5189f89249bf7a7c46bd7",
  "time" : {
    "start" : 1624085004424,
    "stop" : 1624085006517,
    "duration" : 2093
  },
  "status" : "skipped",
  "statusMessage" : "XFAIL expected bug\n\nAssertionError: Success message is presented, but should not be",
  "statusTrace" : "self = <module_5.test_product_page.TestProductPage object at 0x000001FCD2616580>, browser = <selenium.webdriver.chrome.webdriver.WebDriver (session=\"8fbe4bb02eaa61b750db6ef0a8e800c1\")>\n\n    @pytest.mark.xfail(reason=\"expected bug\")\n    def test_guest_cant_see_success_message_after_adding_product_to_basket(self, browser):\n        # Arrange\n        page = ProductPage(browser, link)\n        page.open()\n    \n        # Act\n        page.add_product_to_basket()\n    \n        # Assert\n>       page.should_not_be_success_message()\n\nmodule_5\\test_product_page.py:38: \n_ _ _ _ _ _ _ _ _ _ _ _ _ _ _ _ _ _ _ _ _ _ _ _ _ _ _ _ _ _ _ _ _ _ _ _ _ _ _ _ _ _ _ _ _ _ _ _ _ _ _ _ _ _ _ _ _ _ _ _ _ _ _ _ _ _ _ _ _ _ _ _ _ _ _ _ _ _ _ _ _ _ _ _ _ _ _ _ _ _ _ _ _ _ _ _ _ _ _ _ _ _ _ _ _ _ _ _ _ _ _ _ _ _ _ _\n\nself = <module_5.pages.product_page.ProductPage object at 0x000001FCD26BA490>\n\n    def should_not_be_success_message(self):\n>       assert self.is_not_element_present(*ProductPageLocators.SUCCESS_MESSAGE), \\\n            \"Success message is presented, but should not be\"\nE       AssertionError: Success message is presented, but should not be\n\nmodule_5\\pages\\product_page.py:39: AssertionError",
  "flaky" : false,
  "newFailed" : false,
  "beforeStages" : [ {
    "name" : "browser",
    "time" : {
      "start" : 1624085003166,
      "stop" : 1624085004423,
      "duration" : 1257
    },
    "status" : "passed",
    "steps" : [ ],
    "attachments" : [ ],
    "parameters" : [ ],
    "attachmentsCount" : 0,
    "shouldDisplayMessage" : false,
    "stepsCount" : 0,
    "hasContent" : false
  } ],
  "testStage" : {
    "status" : "skipped",
    "statusMessage" : "XFAIL expected bug\n\nAssertionError: Success message is presented, but should not be",
    "statusTrace" : "self = <module_5.test_product_page.TestProductPage object at 0x000001FCD2616580>, browser = <selenium.webdriver.chrome.webdriver.WebDriver (session=\"8fbe4bb02eaa61b750db6ef0a8e800c1\")>\n\n    @pytest.mark.xfail(reason=\"expected bug\")\n    def test_guest_cant_see_success_message_after_adding_product_to_basket(self, browser):\n        # Arrange\n        page = ProductPage(browser, link)\n        page.open()\n    \n        # Act\n        page.add_product_to_basket()\n    \n        # Assert\n>       page.should_not_be_success_message()\n\nmodule_5\\test_product_page.py:38: \n_ _ _ _ _ _ _ _ _ _ _ _ _ _ _ _ _ _ _ _ _ _ _ _ _ _ _ _ _ _ _ _ _ _ _ _ _ _ _ _ _ _ _ _ _ _ _ _ _ _ _ _ _ _ _ _ _ _ _ _ _ _ _ _ _ _ _ _ _ _ _ _ _ _ _ _ _ _ _ _ _ _ _ _ _ _ _ _ _ _ _ _ _ _ _ _ _ _ _ _ _ _ _ _ _ _ _ _ _ _ _ _ _ _ _ _\n\nself = <module_5.pages.product_page.ProductPage object at 0x000001FCD26BA490>\n\n    def should_not_be_success_message(self):\n>       assert self.is_not_element_present(*ProductPageLocators.SUCCESS_MESSAGE), \\\n            \"Success message is presented, but should not be\"\nE       AssertionError: Success message is presented, but should not be\n\nmodule_5\\pages\\product_page.py:39: AssertionError",
    "steps" : [ ],
    "attachments" : [ {
      "uid" : "3b98e588bf259601",
      "name" : "stdout",
      "source" : "3b98e588bf259601.txt",
      "type" : "text/plain",
      "size" : 39
    } ],
    "parameters" : [ ],
    "attachmentsCount" : 1,
    "shouldDisplayMessage" : true,
    "stepsCount" : 0,
    "hasContent" : true
  },
  "afterStages" : [ {
    "name" : "browser::0",
    "time" : {
      "start" : 1624085006526,
      "stop" : 1624085008807,
      "duration" : 2281
    },
    "status" : "passed",
    "steps" : [ ],
    "attachments" : [ ],
    "parameters" : [ ],
    "attachmentsCount" : 0,
    "shouldDisplayMessage" : false,
    "stepsCount" : 0,
    "hasContent" : false
  } ],
  "labels" : [ {
    "name" : "tag",
    "value" : "@pytest.mark.xfail(reason='expected bug')"
  }, {
    "name" : "parentSuite",
    "value" : "module_5"
  }, {
    "name" : "suite",
    "value" : "test_product_page"
  }, {
    "name" : "subSuite",
    "value" : "TestProductPage"
  }, {
    "name" : "host",
    "value" : "QMS-BUT-10"
  }, {
    "name" : "thread",
    "value" : "9992-MainThread"
  }, {
    "name" : "framework",
    "value" : "pytest"
  }, {
    "name" : "language",
    "value" : "cpython3"
  }, {
    "name" : "package",
    "value" : "module_5.test_product_page"
  }, {
    "name" : "resultFormat",
    "value" : "allure2"
  } ],
  "parameters" : [ ],
  "links" : [ ],
  "hidden" : false,
  "retry" : false,
  "extra" : {
    "severity" : "normal",
    "retries" : [ ],
    "categories" : [ ],
    "tags" : [ "@pytest.mark.xfail(reason='expected bug')" ]
  },
  "source" : "cffb42e43f8d67f5.json",
  "parameterValues" : [ ]
}